0 info it worked if it ends with ok
1 verbose cli [ '/usr/bin/nodejs',
1 verbose cli   '/usr/bin/npm',
1 verbose cli   'install',
1 verbose cli   'karma-ie-launcher',
1 verbose cli   '--save-dev' ]
2 info using npm@2.14.20
3 info using node@v4.4.1
4 verbose install initial load of /var/www/html/todo/package.json
5 warn package.json todoapp@1.0.0 No README data
6 verbose installManyTop reading scoped package data from /var/www/html/todo/node_modules/grunt/package.json
7 verbose installManyTop reading scoped package data from /var/www/html/todo/node_modules/grunt-contrib-cssmin/package.json
8 verbose installManyTop reading scoped package data from /var/www/html/todo/node_modules/grunt-contrib-less/package.json
9 verbose installManyTop reading scoped package data from /var/www/html/todo/node_modules/grunt-contrib-uglify/package.json
10 verbose installManyTop reading scoped package data from /var/www/html/todo/node_modules/grunt-contrib-watch/package.json
11 verbose installManyTop reading scoped package data from /var/www/html/todo/node_modules/grunt-express/package.json
12 verbose installManyTop reading scoped package data from /var/www/html/todo/node_modules/grunt-ngdocs/package.json
13 verbose installManyTop reading scoped package data from /var/www/html/todo/node_modules/jasmine-core/package.json
14 verbose installManyTop reading scoped package data from /var/www/html/todo/node_modules/karma/package.json
15 verbose installManyTop reading scoped package data from /var/www/html/todo/node_modules/karma-chrome-launcher/package.json
16 verbose installManyTop reading scoped package data from /var/www/html/todo/node_modules/karma-firefox-launcher/package.json
17 verbose installManyTop reading scoped package data from /var/www/html/todo/node_modules/karma-jasmine/package.json
18 info package.json grunt-express@1.4.1 No license field.
19 verbose readDependencies loading dependencies from /var/www/html/todo/package.json
20 silly cache add args [ 'karma-ie-launcher', null ]
21 verbose cache add spec karma-ie-launcher
22 silly cache add parsed spec Result {
22 silly cache add   raw: 'karma-ie-launcher',
22 silly cache add   scope: null,
22 silly cache add   name: 'karma-ie-launcher',
22 silly cache add   rawSpec: '',
22 silly cache add   spec: 'latest',
22 silly cache add   type: 'tag' }
23 silly addNamed karma-ie-launcher@latest
24 verbose addNamed "latest" is being treated as a dist-tag for karma-ie-launcher
25 info addNameTag [ 'karma-ie-launcher', 'latest' ]
26 silly mapToRegistry name karma-ie-launcher
27 silly mapToRegistry using default registry
28 silly mapToRegistry registry https://registry.npmjs.org/
29 silly mapToRegistry uri https://registry.npmjs.org/karma-ie-launcher
30 verbose addNameTag registry:https://registry.npmjs.org/karma-ie-launcher not in flight; fetching
31 verbose request uri https://registry.npmjs.org/karma-ie-launcher
32 verbose request no auth needed
33 info attempt registry request try #1 at 2:05:15 PM
34 verbose request id 5e67c247f51814e0
35 http request GET https://registry.npmjs.org/karma-ie-launcher
36 http 200 https://registry.npmjs.org/karma-ie-launcher
37 verbose headers { server: 'CouchDB/1.5.0 (Erlang OTP/R16B03)',
37 verbose headers   etag: '"364T9ECQG6Y154E6JD3ZII3YB"',
37 verbose headers   'content-type': 'application/json',
37 verbose headers   'cache-control': 'max-age=300',
37 verbose headers   'content-length': '14833',
37 verbose headers   'accept-ranges': 'bytes',
37 verbose headers   date: 'Sun, 24 Apr 2016 08:36:27 GMT',
37 verbose headers   via: '1.1 varnish',
37 verbose headers   age: '0',
37 verbose headers   connection: 'keep-alive',
37 verbose headers   'x-served-by': 'cache-sin6922-SIN',
37 verbose headers   'x-cache': 'HIT',
37 verbose headers   'x-cache-hits': '1',
37 verbose headers   'x-timer': 'S1461486986.255284,VS0,VE839',
37 verbose headers   vary: 'Accept-Encoding' }
38 silly get cb [ 200,
38 silly get   { server: 'CouchDB/1.5.0 (Erlang OTP/R16B03)',
38 silly get     etag: '"364T9ECQG6Y154E6JD3ZII3YB"',
38 silly get     'content-type': 'application/json',
38 silly get     'cache-control': 'max-age=300',
38 silly get     'content-length': '14833',
38 silly get     'accept-ranges': 'bytes',
38 silly get     date: 'Sun, 24 Apr 2016 08:36:27 GMT',
38 silly get     via: '1.1 varnish',
38 silly get     age: '0',
38 silly get     connection: 'keep-alive',
38 silly get     'x-served-by': 'cache-sin6922-SIN',
38 silly get     'x-cache': 'HIT',
38 silly get     'x-cache-hits': '1',
38 silly get     'x-timer': 'S1461486986.255284,VS0,VE839',
38 silly get     vary: 'Accept-Encoding' } ]
39 verbose get saving karma-ie-launcher to /home/ashutosh/.npm/registry.npmjs.org/karma-ie-launcher/.cache.json
40 verbose correctMkdir /home/ashutosh/.npm correctMkdir not in flight; initializing
41 silly addNameTag next cb for karma-ie-launcher with tag latest
42 silly addNamed karma-ie-launcher@0.2.0
43 verbose addNamed "0.2.0" is a plain semver version for karma-ie-launcher
44 silly mapToRegistry name karma-ie-launcher
45 silly mapToRegistry using default registry
46 silly mapToRegistry registry https://registry.npmjs.org/
47 silly mapToRegistry uri https://registry.npmjs.org/karma-ie-launcher
48 verbose addRemoteTarball https://registry.npmjs.org/karma-ie-launcher/-/karma-ie-launcher-0.2.0.tgz not in flight; adding
49 verbose addRemoteTarball [ 'https://registry.npmjs.org/karma-ie-launcher/-/karma-ie-launcher-0.2.0.tgz',
49 verbose addRemoteTarball   'eb40d9226fb8fce60308591b9f7d53e5b09be0e9' ]
50 info retry fetch attempt 1 at 2:05:16 PM
51 info attempt registry request try #1 at 2:05:16 PM
52 http fetch GET https://registry.npmjs.org/karma-ie-launcher/-/karma-ie-launcher-0.2.0.tgz
53 http fetch 200 https://registry.npmjs.org/karma-ie-launcher/-/karma-ie-launcher-0.2.0.tgz
54 silly fetchAndShaCheck shasum eb40d9226fb8fce60308591b9f7d53e5b09be0e9
55 verbose addTmpTarball /tmp/npm-11580-1a79a487/registry.npmjs.org/karma-ie-launcher/-/karma-ie-launcher-0.2.0.tgz not in flight; adding
56 verbose addTmpTarball already have metadata; skipping unpack for karma-ie-launcher@0.2.0
57 verbose correctMkdir /home/ashutosh/.npm correctMkdir not in flight; initializing
58 silly cache afterAdd karma-ie-launcher@0.2.0
59 verbose afterAdd /home/ashutosh/.npm/karma-ie-launcher/0.2.0/package/package.json not in flight; writing
60 verbose correctMkdir /home/ashutosh/.npm correctMkdir not in flight; initializing
61 verbose afterAdd /home/ashutosh/.npm/karma-ie-launcher/0.2.0/package/package.json written
62 silly install resolved [ { name: 'karma-ie-launcher',
62 silly install resolved     version: '0.2.0',
62 silly install resolved     description: 'A Karma plugin. Launcher for Internet Explorer.',
62 silly install resolved     main: 'index.js',
62 silly install resolved     scripts: { test: 'echo "Error: no test specified" && exit 1' },
62 silly install resolved     repository:
62 silly install resolved      { type: 'git',
62 silly install resolved        url: 'git://github.com/karma-runner/karma-ie-launcher.git' },
62 silly install resolved     keywords: [ 'karma-plugin', 'karma-launcher', 'ie' ],
62 silly install resolved     author: { name: 'Vojta Jina', email: 'vojta.jina@gmail.com' },
62 silly install resolved     dependencies: { lodash: '^3.9.3' },
62 silly install resolved     peerDependencies: { karma: '>=0.9' },
62 silly install resolved     license: 'MIT',
62 silly install resolved     devDependencies:
62 silly install resolved      { chai: '^2.3.0',
62 silly install resolved        di: '^0.0.1',
62 silly install resolved        eslint: '^0.22.1',
62 silly install resolved        'eslint-config-standard': '^2.0.1',
62 silly install resolved        'eslint-plugin-react': '^2.5.0',
62 silly install resolved        grunt: '^0.4.1',
62 silly install resolved        'grunt-auto-release': '^0.0.2',
62 silly install resolved        'grunt-bump': '^0.3.1',
62 silly install resolved        'grunt-contrib-watch': '^0.6.1',
62 silly install resolved        'grunt-conventional-changelog': '^1.2.2',
62 silly install resolved        'grunt-eslint': '^14.0.0',
62 silly install resolved        'grunt-npm': '^0.0.2',
62 silly install resolved        'grunt-simple-mocha': '^0.4.0',
62 silly install resolved        karma: '^0.12.0',
62 silly install resolved        'load-grunt-tasks': '^3.2.0',
62 silly install resolved        mocks: '0.0.11',
62 silly install resolved        sinon: '^1.14.1',
62 silly install resolved        'sinon-chai': '^2.8.0' },
62 silly install resolved     contributors: [ [Object], [Object], [Object], [Object], [Object], [Object] ],
62 silly install resolved     gitHead: '5cef0dd70a8ff7c07cf557765108b90bf0c93cf2',
62 silly install resolved     bugs: { url: 'https://github.com/karma-runner/karma-ie-launcher/issues' },
62 silly install resolved     homepage: 'https://github.com/karma-runner/karma-ie-launcher#readme',
62 silly install resolved     _id: 'karma-ie-launcher@0.2.0',
62 silly install resolved     _shasum: 'eb40d9226fb8fce60308591b9f7d53e5b09be0e9',
62 silly install resolved     _from: 'karma-ie-launcher@latest',
62 silly install resolved     _npmVersion: '2.11.0',
62 silly install resolved     _nodeVersion: '0.10.38',
62 silly install resolved     _npmUser: { name: 'dignifiedquire', email: 'dignifiedquire@gmail.com' },
62 silly install resolved     dist:
62 silly install resolved      { shasum: 'eb40d9226fb8fce60308591b9f7d53e5b09be0e9',
62 silly install resolved        tarball: 'https://registry.npmjs.org/karma-ie-launcher/-/karma-ie-launcher-0.2.0.tgz' },
62 silly install resolved     maintainers: [ [Object], [Object], [Object] ],
62 silly install resolved     directories: {},
62 silly install resolved     _resolved: 'https://registry.npmjs.org/karma-ie-launcher/-/karma-ie-launcher-0.2.0.tgz' } ]
63 info install karma-ie-launcher@0.2.0 into /var/www/html/todo
64 info installOne karma-ie-launcher@0.2.0
65 verbose installOne of karma-ie-launcher to /var/www/html/todo not in flight; installing
66 verbose correctMkdir /home/ashutosh/.npm/_locks correctMkdir not in flight; initializing
67 verbose lock using /home/ashutosh/.npm/_locks/karma-ie-launcher-512637baaf0113ec.lock for /var/www/html/todo/node_modules/karma-ie-launcher
68 silly install write writing karma-ie-launcher 0.2.0 to /var/www/html/todo/node_modules/karma-ie-launcher
69 verbose unbuild node_modules/karma-ie-launcher
70 silly gentlyRm /var/www/html/todo/node_modules/karma-ie-launcher is being purged from base /var/www/html/todo
71 verbose gentlyRm don't care about contents; nuking /var/www/html/todo/node_modules/karma-ie-launcher
72 verbose tar unpack /home/ashutosh/.npm/karma-ie-launcher/0.2.0/package.tgz
73 verbose tar unpacking to /var/www/html/todo/node_modules/karma-ie-launcher
74 silly gentlyRm /var/www/html/todo/node_modules/karma-ie-launcher is being purged
75 verbose gentlyRm don't care about contents; nuking /var/www/html/todo/node_modules/karma-ie-launcher
76 silly gunzTarPerm modes [ '775', '664' ]
77 silly gunzTarPerm extractEntry package.json
78 silly gunzTarPerm modified mode [ 'package.json', 420, 436 ]
79 silly gunzTarPerm extractEntry README.md
80 silly gunzTarPerm modified mode [ 'README.md', 420, 436 ]
81 silly gunzTarPerm extractEntry LICENSE
82 silly gunzTarPerm modified mode [ 'LICENSE', 420, 436 ]
83 silly gunzTarPerm extractEntry gruntfile.js
84 silly gunzTarPerm modified mode [ 'gruntfile.js', 420, 436 ]
85 silly gunzTarPerm extractEntry index.js
86 silly gunzTarPerm modified mode [ 'index.js', 420, 436 ]
87 silly gunzTarPerm extractEntry CHANGELOG.md
88 silly gunzTarPerm modified mode [ 'CHANGELOG.md', 420, 436 ]
89 silly gunzTarPerm extractEntry test/launcher.spec.js
90 silly gunzTarPerm modified mode [ 'test/launcher.spec.js', 420, 436 ]
91 silly gunzTarPerm extractEntry test/mocha-globals.js
92 silly gunzTarPerm modified mode [ 'test/mocha-globals.js', 420, 436 ]
93 verbose write writing to /var/www/html/todo/node_modules/karma-ie-launcher/package.json
94 info preinstall karma-ie-launcher@0.2.0
95 verbose readDependencies loading dependencies from /var/www/html/todo/node_modules/karma-ie-launcher/package.json
96 silly prepareForInstallMany adding lodash@^3.9.3 from karma-ie-launcher dependencies
97 verbose readDependencies loading dependencies from /var/www/html/todo/node_modules/karma-ie-launcher/package.json
98 silly cache add args [ 'lodash@^3.9.3', null ]
99 verbose cache add spec lodash@^3.9.3
100 silly cache add parsed spec Result {
100 silly cache add   raw: 'lodash@^3.9.3',
100 silly cache add   scope: null,
100 silly cache add   name: 'lodash',
100 silly cache add   rawSpec: '^3.9.3',
100 silly cache add   spec: '>=3.9.3 <4.0.0',
100 silly cache add   type: 'range' }
101 silly addNamed lodash@>=3.9.3 <4.0.0
102 verbose addNamed ">=3.9.3 <4.0.0" is a valid semver range for lodash
103 silly addNameRange { name: 'lodash', range: '>=3.9.3 <4.0.0', hasData: false }
104 silly mapToRegistry name lodash
105 silly mapToRegistry using default registry
106 silly mapToRegistry registry https://registry.npmjs.org/
107 silly mapToRegistry uri https://registry.npmjs.org/lodash
108 verbose addNameRange registry:https://registry.npmjs.org/lodash not in flight; fetching
109 verbose request uri https://registry.npmjs.org/lodash
110 verbose request no auth needed
111 info attempt registry request try #1 at 2:05:16 PM
112 verbose etag "1SY7LS536IY8TJMO8FY67KNIQ"
113 http request GET https://registry.npmjs.org/lodash
114 http 304 https://registry.npmjs.org/lodash
115 verbose headers { date: 'Sun, 24 Apr 2016 08:36:27 GMT',
115 verbose headers   via: '1.1 varnish',
115 verbose headers   'cache-control': 'max-age=300',
115 verbose headers   etag: '"1SY7LS536IY8TJMO8FY67KNIQ"',
115 verbose headers   age: '188',
115 verbose headers   connection: 'keep-alive',
115 verbose headers   'x-served-by': 'cache-sin6921-SIN',
115 verbose headers   'x-cache': 'HIT',
115 verbose headers   'x-cache-hits': '15',
115 verbose headers   'x-timer': 'S1461486987.713573,VS0,VE0',
115 verbose headers   vary: 'Accept-Encoding' }
116 silly get cb [ 304,
116 silly get   { date: 'Sun, 24 Apr 2016 08:36:27 GMT',
116 silly get     via: '1.1 varnish',
116 silly get     'cache-control': 'max-age=300',
116 silly get     etag: '"1SY7LS536IY8TJMO8FY67KNIQ"',
116 silly get     age: '188',
116 silly get     connection: 'keep-alive',
116 silly get     'x-served-by': 'cache-sin6921-SIN',
116 silly get     'x-cache': 'HIT',
116 silly get     'x-cache-hits': '15',
116 silly get     'x-timer': 'S1461486987.713573,VS0,VE0',
116 silly get     vary: 'Accept-Encoding' } ]
117 verbose etag https://registry.npmjs.org/lodash from cache
118 verbose get saving lodash to /home/ashutosh/.npm/registry.npmjs.org/lodash/.cache.json
119 verbose correctMkdir /home/ashutosh/.npm correctMkdir not in flight; initializing
120 silly addNameRange number 2 { name: 'lodash', range: '>=3.9.3 <4.0.0', hasData: true }
121 silly addNameRange versions [ 'lodash',
121 silly addNameRange   [ '0.1.0',
121 silly addNameRange     '0.2.0',
121 silly addNameRange     '0.2.1',
121 silly addNameRange     '0.2.2',
121 silly addNameRange     '0.3.0',
121 silly addNameRange     '0.3.1',
121 silly addNameRange     '0.3.2',
121 silly addNameRange     '0.4.0',
121 silly addNameRange     '0.4.1',
121 silly addNameRange     '0.4.2',
121 silly addNameRange     '0.5.0-rc.1',
121 silly addNameRange     '0.5.0',
121 silly addNameRange     '0.5.1',
121 silly addNameRange     '0.5.2',
121 silly addNameRange     '0.6.0',
121 silly addNameRange     '0.6.1',
121 silly addNameRange     '0.7.0',
121 silly addNameRange     '0.8.0',
121 silly addNameRange     '0.8.1',
121 silly addNameRange     '0.8.2',
121 silly addNameRange     '0.9.0',
121 silly addNameRange     '0.9.1',
121 silly addNameRange     '0.9.2',
121 silly addNameRange     '0.10.0',
121 silly addNameRange     '1.0.0-rc.1',
121 silly addNameRange     '1.0.0-rc.2',
121 silly addNameRange     '1.0.0-rc.3',
121 silly addNameRange     '1.0.0',
121 silly addNameRange     '1.0.1',
121 silly addNameRange     '1.1.0',
121 silly addNameRange     '1.1.1',
121 silly addNameRange     '1.2.0',
121 silly addNameRange     '1.2.1',
121 silly addNameRange     '1.3.0',
121 silly addNameRange     '1.3.1',
121 silly addNameRange     '2.0.0',
121 silly addNameRange     '2.1.0',
121 silly addNameRange     '2.2.0',
121 silly addNameRange     '2.2.1',
121 silly addNameRange     '2.3.0',
121 silly addNameRange     '2.4.0',
121 silly addNameRange     '2.4.1',
121 silly addNameRange     '3.0.0',
121 silly addNameRange     '3.0.1',
121 silly addNameRange     '3.1.0',
121 silly addNameRange     '3.2.0',
121 silly addNameRange     '3.3.0',
121 silly addNameRange     '3.3.1',
121 silly addNameRange     '3.4.0',
121 silly addNameRange     '3.5.0',
121 silly addNameRange     '3.6.0',
121 silly addNameRange     '1.0.2',
121 silly addNameRange     '3.7.0',
121 silly addNameRange     '2.4.2',
121 silly addNameRange     '3.8.0',
121 silly addNameRange     '3.9.0',
121 silly addNameRange     '3.9.1',
121 silly addNameRange     '3.9.2',
121 silly addNameRange     '3.9.3',
121 silly addNameRange     '3.10.0',
121 silly addNameRange     '3.10.1',
121 silly addNameRange     '4.0.0',
121 silly addNameRange     '4.0.1',
121 silly addNameRange     '4.1.0',
121 silly addNameRange     '4.2.0',
121 silly addNameRange     '4.2.1',
121 silly addNameRange     '4.3.0',
121 silly addNameRange     '4.4.0',
121 silly addNameRange     '4.5.0',
121 silly addNameRange     '4.5.1',
121 silly addNameRange     '4.6.0',
121 silly addNameRange     '4.6.1',
121 silly addNameRange     '4.7.0',
121 silly addNameRange     '4.8.0',
121 silly addNameRange     '4.8.1',
121 silly addNameRange     '4.8.2',
121 silly addNameRange     '4.9.0',
121 silly addNameRange     '4.10.0',
121 silly addNameRange     '4.11.0',
121 silly addNameRange     '4.11.1' ] ]
122 silly addNamed lodash@3.10.1
123 verbose addNamed "3.10.1" is a plain semver version for lodash
124 silly cache afterAdd lodash@3.10.1
125 verbose afterAdd /home/ashutosh/.npm/lodash/3.10.1/package/package.json not in flight; writing
126 verbose correctMkdir /home/ashutosh/.npm correctMkdir not in flight; initializing
127 verbose afterAdd /home/ashutosh/.npm/lodash/3.10.1/package/package.json written
128 silly install resolved [ { name: 'lodash',
128 silly install resolved     version: '3.10.1',
128 silly install resolved     description: 'The modern build of lodash modular utilities.',
128 silly install resolved     homepage: 'https://lodash.com/',
128 silly install resolved     icon: 'https://lodash.com/icon.svg',
128 silly install resolved     license: 'MIT',
128 silly install resolved     main: 'index.js',
128 silly install resolved     keywords: [ 'modules', 'stdlib', 'util' ],
128 silly install resolved     author:
128 silly install resolved      { name: 'John-David Dalton',
128 silly install resolved        email: 'john.david.dalton@gmail.com',
128 silly install resolved        url: 'http://allyoucanleet.com/' },
128 silly install resolved     contributors: [ [Object], [Object], [Object], [Object], [Object] ],
128 silly install resolved     repository: { type: 'git', url: 'git+https://github.com/lodash/lodash.git' },
128 silly install resolved     scripts: { test: 'echo "See https://travis-ci.org/lodash/lodash-cli for testing details."' },
128 silly install resolved     bugs: { url: 'https://github.com/lodash/lodash/issues' },
128 silly install resolved     _id: 'lodash@3.10.1',
128 silly install resolved     _shasum: '5bf45e8e49ba4189e17d482789dfd15bd140b7b6',
128 silly install resolved     _from: 'lodash@>=3.9.3 <4.0.0',
128 silly install resolved     _npmVersion: '2.13.1',
128 silly install resolved     _nodeVersion: '0.12.5',
128 silly install resolved     _npmUser: { name: 'jdalton', email: 'john.david.dalton@gmail.com' },
128 silly install resolved     maintainers: [ [Object], [Object], [Object], [Object], [Object] ],
128 silly install resolved     dist:
128 silly install resolved      { shasum: '5bf45e8e49ba4189e17d482789dfd15bd140b7b6',
128 silly install resolved        tarball: 'http://registry.npmjs.org/lodash/-/lodash-3.10.1.tgz' },
128 silly install resolved     directories: {},
128 silly install resolved     _resolved: 'https://registry.npmjs.org/lodash/-/lodash-3.10.1.tgz',
128 silly install resolved     readme: 'ERROR: No README data found!' } ]
129 info install lodash@3.10.1 into /var/www/html/todo/node_modules/karma-ie-launcher
130 info installOne lodash@3.10.1
131 verbose installOne of lodash to /var/www/html/todo/node_modules/karma-ie-launcher not in flight; installing
132 verbose correctMkdir /home/ashutosh/.npm/_locks correctMkdir not in flight; initializing
133 verbose lock using /home/ashutosh/.npm/_locks/lodash-de04adc2d385324d.lock for /var/www/html/todo/node_modules/karma-ie-launcher/node_modules/lodash
134 silly install write writing lodash 3.10.1 to /var/www/html/todo/node_modules/karma-ie-launcher/node_modules/lodash
135 verbose unbuild node_modules/karma-ie-launcher/node_modules/lodash
136 silly gentlyRm /var/www/html/todo/node_modules/karma-ie-launcher/node_modules/lodash is being purged from base /var/www/html/todo
137 verbose gentlyRm don't care about contents; nuking /var/www/html/todo/node_modules/karma-ie-launcher/node_modules/lodash
138 verbose tar unpack /home/ashutosh/.npm/lodash/3.10.1/package.tgz
139 verbose tar unpacking to /var/www/html/todo/node_modules/karma-ie-launcher/node_modules/lodash
140 silly gentlyRm /var/www/html/todo/node_modules/karma-ie-launcher/node_modules/lodash is being purged
141 verbose gentlyRm don't care about contents; nuking /var/www/html/todo/node_modules/karma-ie-launcher/node_modules/lodash
142 silly gunzTarPerm modes [ '775', '664' ]
143 silly gunzTarPerm extractEntry package.json
144 silly gunzTarPerm modified mode [ 'package.json', 420, 436 ]
145 silly gunzTarPerm extractEntry README.md
146 silly gunzTarPerm modified mode [ 'README.md', 420, 436 ]
147 silly gunzTarPerm extractEntry LICENSE
148 silly gunzTarPerm modified mode [ 'LICENSE', 420, 436 ]
149 silly gunzTarPerm extractEntry chain.js
150 silly gunzTarPerm modified mode [ 'chain.js', 420, 436 ]
151 silly gunzTarPerm extractEntry string.js
152 silly gunzTarPerm modified mode [ 'string.js', 420, 436 ]
153 silly gunzTarPerm extractEntry collection.js
154 silly gunzTarPerm modified mode [ 'collection.js', 420, 436 ]
155 silly gunzTarPerm extractEntry array.js
156 silly gunzTarPerm modified mode [ 'array.js', 420, 436 ]
157 silly gunzTarPerm extractEntry date.js
158 silly gunzTarPerm modified mode [ 'date.js', 420, 436 ]
159 silly gunzTarPerm extractEntry number.js
160 silly gunzTarPerm modified mode [ 'number.js', 420, 436 ]
161 silly gunzTarPerm extractEntry function.js
162 silly gunzTarPerm modified mode [ 'function.js', 420, 436 ]
163 silly gunzTarPerm extractEntry index.js
164 silly gunzTarPerm modified mode [ 'index.js', 420, 436 ]
165 silly gunzTarPerm extractEntry math.js
166 silly gunzTarPerm modified mode [ 'math.js', 420, 436 ]
167 silly gunzTarPerm extractEntry support.js
168 silly gunzTarPerm modified mode [ 'support.js', 420, 436 ]
169 silly gunzTarPerm extractEntry lang.js
170 silly gunzTarPerm modified mode [ 'lang.js', 420, 436 ]
171 silly gunzTarPerm extractEntry object.js
172 silly gunzTarPerm modified mode [ 'object.js', 420, 436 ]
173 silly gunzTarPerm extractEntry utility.js
174 silly gunzTarPerm modified mode [ 'utility.js', 420, 436 ]
175 silly gunzTarPerm extractEntry collection/all.js
176 silly gunzTarPerm modified mode [ 'collection/all.js', 420, 436 ]
177 silly gunzTarPerm extractEntry collection/forEachRight.js
178 silly gunzTarPerm modified mode [ 'collection/forEachRight.js', 420, 436 ]
179 silly gunzTarPerm extractEntry collection/groupBy.js
180 silly gunzTarPerm modified mode [ 'collection/groupBy.js', 420, 436 ]
181 silly gunzTarPerm extractEntry collection/include.js
182 silly gunzTarPerm modified mode [ 'collection/include.js', 420, 436 ]
183 silly gunzTarPerm extractEntry collection/includes.js
184 silly gunzTarPerm modified mode [ 'collection/includes.js', 420, 436 ]
185 silly gunzTarPerm extractEntry collection/forEach.js
186 silly gunzTarPerm modified mode [ 'collection/forEach.js', 420, 436 ]
187 silly gunzTarPerm extractEntry collection/inject.js
188 silly gunzTarPerm modified mode [ 'collection/inject.js', 420, 436 ]
189 silly gunzTarPerm extractEntry collection/invoke.js
190 silly gunzTarPerm modified mode [ 'collection/invoke.js', 420, 436 ]
191 silly gunzTarPerm extractEntry collection/map.js
192 silly gunzTarPerm modified mode [ 'collection/map.js', 420, 436 ]
193 silly gunzTarPerm extractEntry collection/max.js
194 silly gunzTarPerm modified mode [ 'collection/max.js', 420, 436 ]
195 silly gunzTarPerm extractEntry collection/min.js
196 silly gunzTarPerm modified mode [ 'collection/min.js', 420, 436 ]
197 silly gunzTarPerm extractEntry collection/foldr.js
198 silly gunzTarPerm modified mode [ 'collection/foldr.js', 420, 436 ]
199 silly gunzTarPerm extractEntry collection/partition.js
200 silly gunzTarPerm modified mode [ 'collection/partition.js', 420, 436 ]
201 silly gunzTarPerm extractEntry collection/foldl.js
202 silly gunzTarPerm modified mode [ 'collection/foldl.js', 420, 436 ]
203 silly gunzTarPerm extractEntry collection/pluck.js
204 silly gunzTarPerm modified mode [ 'collection/pluck.js', 420, 436 ]
205 silly gunzTarPerm extractEntry collection/findWhere.js
206 silly gunzTarPerm modified mode [ 'collection/findWhere.js', 420, 436 ]
207 silly gunzTarPerm extractEntry collection/reduce.js
208 silly gunzTarPerm modified mode [ 'collection/reduce.js', 420, 436 ]
209 silly gunzTarPerm extractEntry collection/findLast.js
210 silly gunzTarPerm modified mode [ 'collection/findLast.js', 420, 436 ]
211 silly gunzTarPerm extractEntry collection/reduceRight.js
212 silly gunzTarPerm modified mode [ 'collection/reduceRight.js', 420, 436 ]
213 silly gunzTarPerm extractEntry collection/find.js
214 silly gunzTarPerm modified mode [ 'collection/find.js', 420, 436 ]
215 silly gunzTarPerm extractEntry collection/reject.js
216 silly gunzTarPerm modified mode [ 'collection/reject.js', 420, 436 ]
217 silly gunzTarPerm extractEntry collection/filter.js
218 silly gunzTarPerm modified mode [ 'collection/filter.js', 420, 436 ]
219 silly gunzTarPerm extractEntry collection/sample.js
220 silly gunzTarPerm modified mode [ 'collection/sample.js', 420, 436 ]
221 silly gunzTarPerm extractEntry collection/every.js
222 silly gunzTarPerm modified mode [ 'collection/every.js', 420, 436 ]
223 silly gunzTarPerm extractEntry collection/select.js
224 silly gunzTarPerm modified mode [ 'collection/select.js', 420, 436 ]
225 silly gunzTarPerm extractEntry collection/eachRight.js
226 silly gunzTarPerm modified mode [ 'collection/eachRight.js', 420, 436 ]
227 silly gunzTarPerm extractEntry collection/shuffle.js
228 silly gunzTarPerm modified mode [ 'collection/shuffle.js', 420, 436 ]
229 silly gunzTarPerm extractEntry collection/each.js
230 silly gunzTarPerm modified mode [ 'collection/each.js', 420, 436 ]
231 silly gunzTarPerm extractEntry collection/size.js
232 silly gunzTarPerm modified mode [ 'collection/size.js', 420, 436 ]
233 silly gunzTarPerm extractEntry collection/detect.js
234 silly gunzTarPerm modified mode [ 'collection/detect.js', 420, 436 ]
235 silly gunzTarPerm extractEntry collection/some.js
236 silly gunzTarPerm modified mode [ 'collection/some.js', 420, 436 ]
237 silly gunzTarPerm extractEntry collection/countBy.js
238 silly gunzTarPerm modified mode [ 'collection/countBy.js', 420, 436 ]
239 silly gunzTarPerm extractEntry collection/sortBy.js
240 silly gunzTarPerm modified mode [ 'collection/sortBy.js', 420, 436 ]
241 silly gunzTarPerm extractEntry collection/contains.js
242 silly gunzTarPerm modified mode [ 'collection/contains.js', 420, 436 ]
243 silly gunzTarPerm extractEntry collection/sortByAll.js
244 silly gunzTarPerm modified mode [ 'collection/sortByAll.js', 420, 436 ]
245 silly gunzTarPerm extractEntry collection/collect.js
246 silly gunzTarPerm modified mode [ 'collection/collect.js', 420, 436 ]
247 silly gunzTarPerm extractEntry collection/sortByOrder.js
248 silly gunzTarPerm modified mode [ 'collection/sortByOrder.js', 420, 436 ]
249 silly gunzTarPerm extractEntry collection/at.js
250 silly gunzTarPerm modified mode [ 'collection/at.js', 420, 436 ]
251 silly gunzTarPerm extractEntry collection/sum.js
252 silly gunzTarPerm modified mode [ 'collection/sum.js', 420, 436 ]
253 silly gunzTarPerm extractEntry collection/any.js
254 silly gunzTarPerm modified mode [ 'collection/any.js', 420, 436 ]
255 silly gunzTarPerm extractEntry collection/where.js
256 silly gunzTarPerm modified mode [ 'collection/where.js', 420, 436 ]
257 silly gunzTarPerm extractEntry collection/indexBy.js
258 silly gunzTarPerm modified mode [ 'collection/indexBy.js', 420, 436 ]
259 silly gunzTarPerm extractEntry math/add.js
260 silly gunzTarPerm modified mode [ 'math/add.js', 420, 436 ]
261 silly gunzTarPerm extractEntry math/ceil.js
262 silly gunzTarPerm modified mode [ 'math/ceil.js', 420, 436 ]
263 silly gunzTarPerm extractEntry math/floor.js
264 silly gunzTarPerm modified mode [ 'math/floor.js', 420, 436 ]
265 silly gunzTarPerm extractEntry math/max.js
266 silly gunzTarPerm modified mode [ 'math/max.js', 420, 436 ]
267 silly gunzTarPerm extractEntry math/min.js
268 silly gunzTarPerm modified mode [ 'math/min.js', 420, 436 ]
269 silly gunzTarPerm extractEntry math/round.js
270 silly gunzTarPerm modified mode [ 'math/round.js', 420, 436 ]
271 silly gunzTarPerm extractEntry math/sum.js
272 silly gunzTarPerm modified mode [ 'math/sum.js', 420, 436 ]
273 silly gunzTarPerm extractEntry number/inRange.js
274 silly gunzTarPerm modified mode [ 'number/inRange.js', 420, 436 ]
275 silly gunzTarPerm extractEntry number/random.js
276 silly gunzTarPerm modified mode [ 'number/random.js', 420, 436 ]
277 silly gunzTarPerm extractEntry function/after.js
278 silly gunzTarPerm modified mode [ 'function/after.js', 420, 436 ]
279 silly gunzTarPerm extractEntry function/curryRight.js
280 silly gunzTarPerm modified mode [ 'function/curryRight.js', 420, 436 ]
281 silly gunzTarPerm extractEntry function/debounce.js
282 silly gunzTarPerm modified mode [ 'function/debounce.js', 420, 436 ]
283 silly gunzTarPerm extractEntry function/defer.js
284 silly gunzTarPerm modified mode [ 'function/defer.js', 420, 436 ]
285 silly gunzTarPerm extractEntry function/delay.js
286 silly gunzTarPerm modified mode [ 'function/delay.js', 420, 436 ]
287 silly gunzTarPerm extractEntry function/curry.js
288 silly gunzTarPerm modified mode [ 'function/curry.js', 420, 436 ]
289 silly gunzTarPerm extractEntry function/flowRight.js
290 silly gunzTarPerm modified mode [ 'function/flowRight.js', 420, 436 ]
291 silly gunzTarPerm extractEntry function/memoize.js
292 silly gunzTarPerm modified mode [ 'function/memoize.js', 420, 436 ]
293 silly gunzTarPerm extractEntry function/modArgs.js
294 silly gunzTarPerm modified mode [ 'function/modArgs.js', 420, 436 ]
295 silly gunzTarPerm extractEntry function/negate.js
296 silly gunzTarPerm modified mode [ 'function/negate.js', 420, 436 ]
297 silly gunzTarPerm extractEntry function/once.js
298 silly gunzTarPerm modified mode [ 'function/once.js', 420, 436 ]
299 silly gunzTarPerm extractEntry function/compose.js
300 silly gunzTarPerm modified mode [ 'function/compose.js', 420, 436 ]
301 silly gunzTarPerm extractEntry function/partial.js
302 silly gunzTarPerm modified mode [ 'function/partial.js', 420, 436 ]
303 silly gunzTarPerm extractEntry function/bindKey.js
304 silly gunzTarPerm modified mode [ 'function/bindKey.js', 420, 436 ]
305 silly gunzTarPerm extractEntry function/partialRight.js
306 silly gunzTarPerm modified mode [ 'function/partialRight.js', 420, 436 ]
307 silly gunzTarPerm extractEntry function/bindAll.js
308 silly gunzTarPerm modified mode [ 'function/bindAll.js', 420, 436 ]
309 silly gunzTarPerm extractEntry function/rearg.js
310 silly gunzTarPerm modified mode [ 'function/rearg.js', 420, 436 ]
311 silly gunzTarPerm extractEntry function/bind.js
312 silly gunzTarPerm modified mode [ 'function/bind.js', 420, 436 ]
313 silly gunzTarPerm extractEntry function/restParam.js
314 silly gunzTarPerm modified mode [ 'function/restParam.js', 420, 436 ]
315 silly gunzTarPerm extractEntry function/before.js
316 silly gunzTarPerm modified mode [ 'function/before.js', 420, 436 ]
317 silly gunzTarPerm extractEntry function/spread.js
318 silly gunzTarPerm modified mode [ 'function/spread.js', 420, 436 ]
319 silly gunzTarPerm extractEntry function/backflow.js
320 silly gunzTarPerm modified mode [ 'function/backflow.js', 420, 436 ]
321 silly gunzTarPerm extractEntry function/throttle.js
322 silly gunzTarPerm modified mode [ 'function/throttle.js', 420, 436 ]
323 silly gunzTarPerm extractEntry function/ary.js
324 silly gunzTarPerm modified mode [ 'function/ary.js', 420, 436 ]
325 silly gunzTarPerm extractEntry function/wrap.js
326 silly gunzTarPerm modified mode [ 'function/wrap.js', 420, 436 ]
327 silly gunzTarPerm extractEntry function/flow.js
328 silly gunzTarPerm modified mode [ 'function/flow.js', 420, 436 ]
329 silly gunzTarPerm extractEntry object/assign.js
330 silly gunzTarPerm modified mode [ 'object/assign.js', 420, 436 ]
331 silly gunzTarPerm extractEntry object/functions.js
332 silly gunzTarPerm modified mode [ 'object/functions.js', 420, 436 ]
333 silly gunzTarPerm extractEntry object/get.js
334 silly gunzTarPerm modified mode [ 'object/get.js', 420, 436 ]
335 silly gunzTarPerm extractEntry object/has.js
336 silly gunzTarPerm modified mode [ 'object/has.js', 420, 436 ]
337 silly gunzTarPerm extractEntry object/forOwnRight.js
338 silly gunzTarPerm modified mode [ 'object/forOwnRight.js', 420, 436 ]
339 silly gunzTarPerm extractEntry object/keys.js
340 silly gunzTarPerm modified mode [ 'object/keys.js', 420, 436 ]
341 silly gunzTarPerm extractEntry object/keysIn.js
342 silly gunzTarPerm modified mode [ 'object/keysIn.js', 420, 436 ]
343 silly gunzTarPerm extractEntry object/mapKeys.js
344 silly gunzTarPerm modified mode [ 'object/mapKeys.js', 420, 436 ]
345 silly gunzTarPerm extractEntry object/mapValues.js
346 silly gunzTarPerm modified mode [ 'object/mapValues.js', 420, 436 ]
347 silly gunzTarPerm extractEntry object/merge.js
348 silly gunzTarPerm modified mode [ 'object/merge.js', 420, 436 ]
349 silly gunzTarPerm extractEntry object/forOwn.js
350 silly gunzTarPerm modified mode [ 'object/forOwn.js', 420, 436 ]
351 silly gunzTarPerm extractEntry object/methods.js
352 silly gunzTarPerm modified mode [ 'object/methods.js', 420, 436 ]
353 silly gunzTarPerm extractEntry object/forInRight.js
354 silly gunzTarPerm modified mode [ 'object/forInRight.js', 420, 436 ]
355 silly gunzTarPerm extractEntry object/omit.js
356 silly gunzTarPerm modified mode [ 'object/omit.js', 420, 436 ]
357 silly gunzTarPerm extractEntry object/forIn.js
358 silly gunzTarPerm modified mode [ 'object/forIn.js', 420, 436 ]
359 silly gunzTarPerm extractEntry object/pairs.js
360 silly gunzTarPerm modified mode [ 'object/pairs.js', 420, 436 ]
361 silly gunzTarPerm extractEntry object/findLastKey.js
362 silly gunzTarPerm modified mode [ 'object/findLastKey.js', 420, 436 ]
363 silly gunzTarPerm extractEntry object/pick.js
364 silly gunzTarPerm modified mode [ 'object/pick.js', 420, 436 ]
365 silly gunzTarPerm extractEntry object/findKey.js
366 silly gunzTarPerm modified mode [ 'object/findKey.js', 420, 436 ]
367 silly gunzTarPerm extractEntry object/result.js
368 silly gunzTarPerm modified mode [ 'object/result.js', 420, 436 ]
369 silly gunzTarPerm extractEntry object/extend.js
370 silly gunzTarPerm modified mode [ 'object/extend.js', 420, 436 ]
371 silly gunzTarPerm extractEntry object/set.js
372 silly gunzTarPerm modified mode [ 'object/set.js', 420, 436 ]
373 silly gunzTarPerm extractEntry object/defaultsDeep.js
374 silly gunzTarPerm modified mode [ 'object/defaultsDeep.js', 420, 436 ]
375 silly gunzTarPerm extractEntry object/transform.js
376 silly gunzTarPerm modified mode [ 'object/transform.js', 420, 436 ]
377 silly gunzTarPerm extractEntry object/defaults.js
378 silly gunzTarPerm modified mode [ 'object/defaults.js', 420, 436 ]
379 silly gunzTarPerm extractEntry object/values.js
380 silly gunzTarPerm modified mode [ 'object/values.js', 420, 436 ]
381 silly gunzTarPerm extractEntry object/create.js
382 silly gunzTarPerm modified mode [ 'object/create.js', 420, 436 ]
383 silly gunzTarPerm extractEntry object/valuesIn.js
384 silly gunzTarPerm modified mode [ 'object/valuesIn.js', 420, 436 ]
385 silly gunzTarPerm extractEntry object/invert.js
386 silly gunzTarPerm modified mode [ 'object/invert.js', 420, 436 ]
387 silly gunzTarPerm extractEntry date/now.js
388 silly gunzTarPerm modified mode [ 'date/now.js', 420, 436 ]
389 silly gunzTarPerm extractEntry internal/LazyWrapper.js
390 silly gunzTarPerm modified mode [ 'internal/LazyWrapper.js', 420, 436 ]
391 silly gunzTarPerm extractEntry internal/compareAscending.js
392 silly gunzTarPerm modified mode [ 'internal/compareAscending.js', 420, 436 ]
393 silly gunzTarPerm extractEntry internal/compareMultiple.js
394 silly gunzTarPerm modified mode [ 'internal/compareMultiple.js', 420, 436 ]
395 silly gunzTarPerm extractEntry internal/composeArgs.js
396 silly gunzTarPerm modified mode [ 'internal/composeArgs.js', 420, 436 ]
397 silly gunzTarPerm extractEntry internal/charsRightIndex.js
398 silly gunzTarPerm modified mode [ 'internal/charsRightIndex.js', 420, 436 ]
399 silly gunzTarPerm extractEntry internal/createAggregator.js
400 silly gunzTarPerm modified mode [ 'internal/createAggregator.js', 420, 436 ]
401 silly gunzTarPerm extractEntry internal/createAssigner.js
402 silly gunzTarPerm modified mode [ 'internal/createAssigner.js', 420, 436 ]
403 silly gunzTarPerm extractEntry internal/createBaseEach.js
404 silly gunzTarPerm modified mode [ 'internal/createBaseEach.js', 420, 436 ]
405 silly gunzTarPerm extractEntry internal/createBaseFor.js
406 silly gunzTarPerm modified mode [ 'internal/createBaseFor.js', 420, 436 ]
407 silly gunzTarPerm extractEntry internal/createBindWrapper.js
408 silly gunzTarPerm modified mode [ 'internal/createBindWrapper.js', 420, 436 ]
409 silly gunzTarPerm extractEntry internal/charsLeftIndex.js
410 silly gunzTarPerm modified mode [ 'internal/charsLeftIndex.js', 420, 436 ]
411 silly gunzTarPerm extractEntry internal/createCache.js
412 silly gunzTarPerm modified mode [ 'internal/createCache.js', 420, 436 ]
413 silly gunzTarPerm extractEntry internal/cachePush.js
414 silly gunzTarPerm modified mode [ 'internal/cachePush.js', 420, 436 ]
415 silly gunzTarPerm extractEntry internal/createCompounder.js
416 silly gunzTarPerm modified mode [ 'internal/createCompounder.js', 420, 436 ]
417 silly gunzTarPerm extractEntry internal/cacheIndexOf.js
418 silly gunzTarPerm modified mode [ 'internal/cacheIndexOf.js', 420, 436 ]
419 silly gunzTarPerm extractEntry internal/createCtorWrapper.js
420 silly gunzTarPerm modified mode [ 'internal/createCtorWrapper.js', 420, 436 ]
421 silly gunzTarPerm extractEntry internal/bufferClone.js
422 silly gunzTarPerm modified mode [ 'internal/bufferClone.js', 420, 436 ]
423 silly gunzTarPerm extractEntry internal/createCurry.js
424 silly gunzTarPerm modified mode [ 'internal/createCurry.js', 420, 436 ]
425 silly gunzTarPerm extractEntry internal/bindCallback.js
426 silly gunzTarPerm modified mode [ 'internal/bindCallback.js', 420, 436 ]
427 silly gunzTarPerm extractEntry internal/createDefaults.js
428 silly gunzTarPerm modified mode [ 'internal/createDefaults.js', 420, 436 ]
429 silly gunzTarPerm extractEntry internal/binaryIndexBy.js
430 silly gunzTarPerm modified mode [ 'internal/binaryIndexBy.js', 420, 436 ]
431 silly gunzTarPerm extractEntry internal/createExtremum.js
432 silly gunzTarPerm modified mode [ 'internal/createExtremum.js', 420, 436 ]
433 silly gunzTarPerm extractEntry internal/binaryIndex.js
434 silly gunzTarPerm modified mode [ 'internal/binaryIndex.js', 420, 436 ]
435 silly gunzTarPerm extractEntry internal/createFind.js
436 silly gunzTarPerm modified mode [ 'internal/createFind.js', 420, 436 ]
437 silly gunzTarPerm extractEntry internal/baseWrapperValue.js
438 silly gunzTarPerm modified mode [ 'internal/baseWrapperValue.js', 420, 436 ]
439 silly gunzTarPerm extractEntry internal/createFindIndex.js
440 silly gunzTarPerm modified mode [ 'internal/createFindIndex.js', 420, 436 ]
441 silly gunzTarPerm extractEntry internal/baseWhile.js
442 silly gunzTarPerm modified mode [ 'internal/baseWhile.js', 420, 436 ]
443 silly gunzTarPerm extractEntry internal/createFindKey.js
444 silly gunzTarPerm modified mode [ 'internal/createFindKey.js', 420, 436 ]
445 silly gunzTarPerm extractEntry internal/baseValues.js
446 silly gunzTarPerm modified mode [ 'internal/baseValues.js', 420, 436 ]
447 silly gunzTarPerm extractEntry internal/createFlow.js
448 silly gunzTarPerm modified mode [ 'internal/createFlow.js', 420, 436 ]
449 silly gunzTarPerm extractEntry internal/baseUniq.js
450 silly gunzTarPerm modified mode [ 'internal/baseUniq.js', 420, 436 ]
451 silly gunzTarPerm extractEntry internal/createForEach.js
452 silly gunzTarPerm modified mode [ 'internal/createForEach.js', 420, 436 ]
453 silly gunzTarPerm extractEntry internal/baseToString.js
454 silly gunzTarPerm modified mode [ 'internal/baseToString.js', 420, 436 ]
455 silly gunzTarPerm extractEntry internal/createForIn.js
456 silly gunzTarPerm modified mode [ 'internal/createForIn.js', 420, 436 ]
457 silly gunzTarPerm extractEntry internal/baseSum.js
458 silly gunzTarPerm modified mode [ 'internal/baseSum.js', 420, 436 ]
459 silly gunzTarPerm extractEntry internal/createForOwn.js
460 silly gunzTarPerm modified mode [ 'internal/createForOwn.js', 420, 436 ]
461 silly gunzTarPerm extractEntry internal/baseSortByOrder.js
462 silly gunzTarPerm modified mode [ 'internal/baseSortByOrder.js', 420, 436 ]
463 silly gunzTarPerm extractEntry internal/createHybridWrapper.js
464 silly gunzTarPerm modified mode [ 'internal/createHybridWrapper.js', 420, 436 ]
465 silly gunzTarPerm extractEntry internal/baseSortBy.js
466 silly gunzTarPerm modified mode [ 'internal/baseSortBy.js', 420, 436 ]
467 silly gunzTarPerm extractEntry internal/createObjectMapper.js
468 silly gunzTarPerm modified mode [ 'internal/createObjectMapper.js', 420, 436 ]
469 silly gunzTarPerm extractEntry internal/baseSome.js
470 silly gunzTarPerm modified mode [ 'internal/baseSome.js', 420, 436 ]
471 silly gunzTarPerm extractEntry internal/createPadDir.js
472 silly gunzTarPerm modified mode [ 'internal/createPadDir.js', 420, 436 ]
473 silly gunzTarPerm extractEntry internal/baseSlice.js
474 silly gunzTarPerm modified mode [ 'internal/baseSlice.js', 420, 436 ]
475 silly gunzTarPerm extractEntry internal/createPadding.js
476 silly gunzTarPerm modified mode [ 'internal/createPadding.js', 420, 436 ]
477 silly gunzTarPerm extractEntry internal/baseSetData.js
478 silly gunzTarPerm modified mode [ 'internal/baseSetData.js', 420, 436 ]
479 silly gunzTarPerm extractEntry internal/createPartial.js
480 silly gunzTarPerm modified mode [ 'internal/createPartial.js', 420, 436 ]
481 silly gunzTarPerm extractEntry internal/baseReduce.js
482 silly gunzTarPerm modified mode [ 'internal/baseReduce.js', 420, 436 ]
483 silly gunzTarPerm extractEntry internal/createPartialWrapper.js
484 silly gunzTarPerm modified mode [ 'internal/createPartialWrapper.js', 420, 436 ]
485 silly gunzTarPerm extractEntry internal/baseRandom.js
486 silly gunzTarPerm modified mode [ 'internal/baseRandom.js', 420, 436 ]
487 silly gunzTarPerm extractEntry internal/createReduce.js
488 silly gunzTarPerm modified mode [ 'internal/createReduce.js', 420, 436 ]
489 silly gunzTarPerm extractEntry internal/basePullAt.js
490 silly gunzTarPerm modified mode [ 'internal/basePullAt.js', 420, 436 ]
491 silly gunzTarPerm extractEntry internal/createRound.js
492 silly gunzTarPerm modified mode [ 'internal/createRound.js', 420, 436 ]
493 silly gunzTarPerm extractEntry internal/basePropertyDeep.js
494 silly gunzTarPerm modified mode [ 'internal/basePropertyDeep.js', 420, 436 ]
495 silly gunzTarPerm extractEntry internal/createSortedIndex.js
496 silly gunzTarPerm modified mode [ 'internal/createSortedIndex.js', 420, 436 ]
497 silly gunzTarPerm extractEntry internal/baseProperty.js
498 silly gunzTarPerm modified mode [ 'internal/baseProperty.js', 420, 436 ]
499 silly gunzTarPerm extractEntry internal/createWrapper.js
500 silly gunzTarPerm modified mode [ 'internal/createWrapper.js', 420, 436 ]
501 silly gunzTarPerm extractEntry internal/baseMergeDeep.js
502 silly gunzTarPerm modified mode [ 'internal/baseMergeDeep.js', 420, 436 ]
503 silly gunzTarPerm extractEntry internal/deburrLetter.js
504 silly gunzTarPerm modified mode [ 'internal/deburrLetter.js', 420, 436 ]
505 silly gunzTarPerm extractEntry internal/baseMerge.js
506 silly gunzTarPerm modified mode [ 'internal/baseMerge.js', 420, 436 ]
507 silly gunzTarPerm extractEntry internal/equalArrays.js
508 silly gunzTarPerm modified mode [ 'internal/equalArrays.js', 420, 436 ]
509 silly gunzTarPerm extractEntry internal/baseMatchesProperty.js
510 silly gunzTarPerm modified mode [ 'internal/baseMatchesProperty.js', 420, 436 ]
511 silly gunzTarPerm extractEntry internal/equalByTag.js
512 silly gunzTarPerm modified mode [ 'internal/equalByTag.js', 420, 436 ]
513 silly gunzTarPerm extractEntry internal/baseMatches.js
514 silly gunzTarPerm modified mode [ 'internal/baseMatches.js', 420, 436 ]
515 silly gunzTarPerm extractEntry internal/equalObjects.js
516 silly gunzTarPerm modified mode [ 'internal/equalObjects.js', 420, 436 ]
517 silly gunzTarPerm extractEntry internal/baseMap.js
518 silly gunzTarPerm modified mode [ 'internal/baseMap.js', 420, 436 ]
519 silly gunzTarPerm extractEntry internal/escapeHtmlChar.js
520 silly gunzTarPerm modified mode [ 'internal/escapeHtmlChar.js', 420, 436 ]
521 silly gunzTarPerm extractEntry internal/baseLodash.js
522 silly gunzTarPerm modified mode [ 'internal/baseLodash.js', 420, 436 ]
523 silly gunzTarPerm extractEntry internal/escapeRegExpChar.js
524 silly gunzTarPerm modified mode [ 'internal/escapeRegExpChar.js', 420, 436 ]
525 silly gunzTarPerm extractEntry internal/baseIsMatch.js
526 silly gunzTarPerm modified mode [ 'internal/baseIsMatch.js', 420, 436 ]
527 silly gunzTarPerm extractEntry internal/escapeStringChar.js
528 silly gunzTarPerm modified mode [ 'internal/escapeStringChar.js', 420, 436 ]
529 silly gunzTarPerm extractEntry internal/baseIsFunction.js
530 silly gunzTarPerm modified mode [ 'internal/baseIsFunction.js', 420, 436 ]
531 silly gunzTarPerm extractEntry internal/getData.js
532 silly gunzTarPerm modified mode [ 'internal/getData.js', 420, 436 ]
533 silly gunzTarPerm extractEntry internal/baseIsEqualDeep.js
534 silly gunzTarPerm modified mode [ 'internal/baseIsEqualDeep.js', 420, 436 ]
535 silly gunzTarPerm extractEntry internal/getFuncName.js
536 silly gunzTarPerm modified mode [ 'internal/getFuncName.js', 420, 436 ]
537 silly gunzTarPerm extractEntry internal/baseIsEqual.js
538 silly gunzTarPerm modified mode [ 'internal/baseIsEqual.js', 420, 436 ]
539 silly gunzTarPerm extractEntry internal/getLength.js
540 silly gunzTarPerm modified mode [ 'internal/getLength.js', 420, 436 ]
541 silly gunzTarPerm extractEntry internal/baseIndexOf.js
542 silly gunzTarPerm modified mode [ 'internal/baseIndexOf.js', 420, 436 ]
543 silly gunzTarPerm extractEntry internal/getMatchData.js
544 silly gunzTarPerm modified mode [ 'internal/getMatchData.js', 420, 436 ]
545 silly gunzTarPerm extractEntry internal/baseGet.js
546 silly gunzTarPerm modified mode [ 'internal/baseGet.js', 420, 436 ]
547 silly gunzTarPerm extractEntry internal/getNative.js
548 silly gunzTarPerm modified mode [ 'internal/getNative.js', 420, 436 ]
549 silly gunzTarPerm extractEntry internal/baseFunctions.js
550 silly gunzTarPerm modified mode [ 'internal/baseFunctions.js', 420, 436 ]
551 silly gunzTarPerm extractEntry internal/getView.js
552 silly gunzTarPerm modified mode [ 'internal/getView.js', 420, 436 ]
553 silly gunzTarPerm extractEntry internal/baseForRight.js
554 silly gunzTarPerm modified mode [ 'internal/baseForRight.js', 420, 436 ]
555 silly gunzTarPerm extractEntry internal/indexOfNaN.js
556 silly gunzTarPerm modified mode [ 'internal/indexOfNaN.js', 420, 436 ]
557 silly gunzTarPerm extractEntry internal/baseForOwnRight.js
558 silly gunzTarPerm modified mode [ 'internal/baseForOwnRight.js', 420, 436 ]
559 silly gunzTarPerm extractEntry internal/initCloneArray.js
560 silly gunzTarPerm modified mode [ 'internal/initCloneArray.js', 420, 436 ]
561 silly gunzTarPerm extractEntry internal/baseForOwn.js
562 silly gunzTarPerm modified mode [ 'internal/baseForOwn.js', 420, 436 ]
563 silly gunzTarPerm extractEntry internal/initCloneByTag.js
564 silly gunzTarPerm modified mode [ 'internal/initCloneByTag.js', 420, 436 ]
565 silly gunzTarPerm extractEntry internal/baseForIn.js
566 silly gunzTarPerm modified mode [ 'internal/baseForIn.js', 420, 436 ]
567 silly gunzTarPerm extractEntry internal/initCloneObject.js
568 silly gunzTarPerm modified mode [ 'internal/initCloneObject.js', 420, 436 ]
569 silly gunzTarPerm extractEntry internal/baseFor.js
570 silly gunzTarPerm modified mode [ 'internal/baseFor.js', 420, 436 ]
571 silly gunzTarPerm extractEntry internal/invokePath.js
572 silly gunzTarPerm modified mode [ 'internal/invokePath.js', 420, 436 ]
573 silly gunzTarPerm extractEntry internal/baseFlatten.js
574 silly gunzTarPerm modified mode [ 'internal/baseFlatten.js', 420, 436 ]
575 silly gunzTarPerm extractEntry internal/isArrayLike.js
576 silly gunzTarPerm modified mode [ 'internal/isArrayLike.js', 420, 436 ]
577 silly gunzTarPerm extractEntry internal/baseFindIndex.js
578 silly gunzTarPerm modified mode [ 'internal/baseFindIndex.js', 420, 436 ]
579 silly gunzTarPerm extractEntry internal/isIndex.js
580 silly gunzTarPerm modified mode [ 'internal/isIndex.js', 420, 436 ]
581 silly gunzTarPerm extractEntry internal/baseFind.js
582 silly gunzTarPerm modified mode [ 'internal/baseFind.js', 420, 436 ]
583 silly gunzTarPerm extractEntry internal/isIterateeCall.js
584 silly gunzTarPerm modified mode [ 'internal/isIterateeCall.js', 420, 436 ]
585 silly gunzTarPerm extractEntry internal/baseFilter.js
586 silly gunzTarPerm modified mode [ 'internal/baseFilter.js', 420, 436 ]
587 silly gunzTarPerm extractEntry internal/isKey.js
588 silly gunzTarPerm modified mode [ 'internal/isKey.js', 420, 436 ]
589 silly gunzTarPerm extractEntry internal/baseFill.js
590 silly gunzTarPerm modified mode [ 'internal/baseFill.js', 420, 436 ]
591 silly gunzTarPerm extractEntry internal/isLaziable.js
592 silly gunzTarPerm modified mode [ 'internal/isLaziable.js', 420, 436 ]
593 silly gunzTarPerm extractEntry internal/baseExtremum.js
594 silly gunzTarPerm modified mode [ 'internal/baseExtremum.js', 420, 436 ]
595 silly gunzTarPerm extractEntry internal/isLength.js
596 silly gunzTarPerm modified mode [ 'internal/isLength.js', 420, 436 ]
597 silly gunzTarPerm extractEntry internal/baseEvery.js
598 silly gunzTarPerm modified mode [ 'internal/baseEvery.js', 420, 436 ]
599 silly gunzTarPerm extractEntry internal/isObjectLike.js
600 silly gunzTarPerm modified mode [ 'internal/isObjectLike.js', 420, 436 ]
601 silly gunzTarPerm extractEntry internal/baseEachRight.js
602 silly gunzTarPerm modified mode [ 'internal/baseEachRight.js', 420, 436 ]
603 silly gunzTarPerm extractEntry internal/isSpace.js
604 silly gunzTarPerm modified mode [ 'internal/isSpace.js', 420, 436 ]
605 silly gunzTarPerm extractEntry internal/baseEach.js
606 silly gunzTarPerm modified mode [ 'internal/baseEach.js', 420, 436 ]
607 silly gunzTarPerm extractEntry internal/isStrictComparable.js
608 silly gunzTarPerm modified mode [ 'internal/isStrictComparable.js', 420, 436 ]
609 silly gunzTarPerm extractEntry internal/baseDifference.js
610 silly gunzTarPerm modified mode [ 'internal/baseDifference.js', 420, 436 ]
611 silly gunzTarPerm extractEntry internal/lazyClone.js
612 silly gunzTarPerm modified mode [ 'internal/lazyClone.js', 420, 436 ]
613 silly gunzTarPerm extractEntry internal/baseDelay.js
614 silly gunzTarPerm modified mode [ 'internal/baseDelay.js', 420, 436 ]
615 silly gunzTarPerm extractEntry internal/lazyReverse.js
616 silly gunzTarPerm modified mode [ 'internal/lazyReverse.js', 420, 436 ]
617 silly gunzTarPerm extractEntry internal/baseCreate.js
618 silly gunzTarPerm modified mode [ 'internal/baseCreate.js', 420, 436 ]
619 silly gunzTarPerm extractEntry internal/lazyValue.js
620 silly gunzTarPerm modified mode [ 'internal/lazyValue.js', 420, 436 ]
621 silly gunzTarPerm extractEntry internal/baseCopy.js
622 silly gunzTarPerm modified mode [ 'internal/baseCopy.js', 420, 436 ]
623 silly gunzTarPerm extractEntry internal/mapDelete.js
624 silly gunzTarPerm modified mode [ 'internal/mapDelete.js', 420, 436 ]
625 silly gunzTarPerm extractEntry internal/baseCompareAscending.js
626 silly gunzTarPerm modified mode [ 'internal/baseCompareAscending.js', 420, 436 ]
627 silly gunzTarPerm extractEntry internal/mapGet.js
628 silly gunzTarPerm modified mode [ 'internal/mapGet.js', 420, 436 ]
629 silly gunzTarPerm extractEntry internal/baseClone.js
630 silly gunzTarPerm modified mode [ 'internal/baseClone.js', 420, 436 ]
631 silly gunzTarPerm extractEntry internal/mapHas.js
632 silly gunzTarPerm modified mode [ 'internal/mapHas.js', 420, 436 ]
633 silly gunzTarPerm extractEntry internal/baseCallback.js
634 silly gunzTarPerm modified mode [ 'internal/baseCallback.js', 420, 436 ]
635 silly gunzTarPerm extractEntry internal/mapSet.js
636 silly gunzTarPerm modified mode [ 'internal/mapSet.js', 420, 436 ]
637 silly gunzTarPerm extractEntry internal/baseAt.js
638 silly gunzTarPerm modified mode [ 'internal/baseAt.js', 420, 436 ]
639 silly gunzTarPerm extractEntry internal/mergeData.js
640 silly gunzTarPerm modified mode [ 'internal/mergeData.js', 420, 436 ]
641 silly gunzTarPerm extractEntry internal/baseAssign.js
642 silly gunzTarPerm modified mode [ 'internal/baseAssign.js', 420, 436 ]
643 silly gunzTarPerm extractEntry internal/mergeDefaults.js
644 silly gunzTarPerm modified mode [ 'internal/mergeDefaults.js', 420, 436 ]
645 silly gunzTarPerm extractEntry internal/assignWith.js
646 silly gunzTarPerm modified mode [ 'internal/assignWith.js', 420, 436 ]
647 silly gunzTarPerm extractEntry internal/metaMap.js
648 silly gunzTarPerm modified mode [ 'internal/metaMap.js', 420, 436 ]
649 silly gunzTarPerm extractEntry internal/assignOwnDefaults.js
650 silly gunzTarPerm modified mode [ 'internal/assignOwnDefaults.js', 420, 436 ]
651 silly gunzTarPerm extractEntry internal/pickByArray.js
652 silly gunzTarPerm modified mode [ 'internal/pickByArray.js', 420, 436 ]
653 silly gunzTarPerm extractEntry internal/assignDefaults.js
654 silly gunzTarPerm modified mode [ 'internal/assignDefaults.js', 420, 436 ]
655 silly gunzTarPerm extractEntry internal/pickByCallback.js
656 silly gunzTarPerm modified mode [ 'internal/pickByCallback.js', 420, 436 ]
657 silly gunzTarPerm extractEntry internal/arraySum.js
658 silly gunzTarPerm modified mode [ 'internal/arraySum.js', 420, 436 ]
659 silly gunzTarPerm extractEntry internal/reEscape.js
660 silly gunzTarPerm modified mode [ 'internal/reEscape.js', 420, 436 ]
661 silly gunzTarPerm extractEntry internal/arraySome.js
662 silly gunzTarPerm modified mode [ 'internal/arraySome.js', 420, 436 ]
663 silly gunzTarPerm extractEntry internal/reEvaluate.js
664 silly gunzTarPerm modified mode [ 'internal/reEvaluate.js', 420, 436 ]
665 silly gunzTarPerm extractEntry internal/arrayReduceRight.js
666 silly gunzTarPerm modified mode [ 'internal/arrayReduceRight.js', 420, 436 ]
667 silly gunzTarPerm extractEntry internal/reInterpolate.js
668 silly gunzTarPerm modified mode [ 'internal/reInterpolate.js', 420, 436 ]
669 silly gunzTarPerm extractEntry internal/arrayReduce.js
670 silly gunzTarPerm modified mode [ 'internal/arrayReduce.js', 420, 436 ]
671 silly gunzTarPerm extractEntry internal/realNames.js
672 silly gunzTarPerm modified mode [ 'internal/realNames.js', 420, 436 ]
673 silly gunzTarPerm extractEntry internal/arrayPush.js
674 silly gunzTarPerm modified mode [ 'internal/arrayPush.js', 420, 436 ]
675 silly gunzTarPerm extractEntry internal/reorder.js
676 silly gunzTarPerm modified mode [ 'internal/reorder.js', 420, 436 ]
677 silly gunzTarPerm extractEntry internal/arrayMap.js
678 silly gunzTarPerm modified mode [ 'internal/arrayMap.js', 420, 436 ]
679 silly gunzTarPerm extractEntry internal/replaceHolders.js
680 silly gunzTarPerm modified mode [ 'internal/replaceHolders.js', 420, 436 ]
681 silly gunzTarPerm extractEntry internal/arrayFilter.js
682 silly gunzTarPerm modified mode [ 'internal/arrayFilter.js', 420, 436 ]
683 silly gunzTarPerm extractEntry internal/setData.js
684 silly gunzTarPerm modified mode [ 'internal/setData.js', 420, 436 ]
685 silly gunzTarPerm extractEntry internal/arrayExtremum.js
686 silly gunzTarPerm modified mode [ 'internal/arrayExtremum.js', 420, 436 ]
687 silly gunzTarPerm extractEntry internal/shimKeys.js
688 silly gunzTarPerm modified mode [ 'internal/shimKeys.js', 420, 436 ]
689 silly gunzTarPerm extractEntry internal/arrayEvery.js
690 silly gunzTarPerm modified mode [ 'internal/arrayEvery.js', 420, 436 ]
691 silly gunzTarPerm extractEntry internal/sortedUniq.js
692 silly gunzTarPerm modified mode [ 'internal/sortedUniq.js', 420, 436 ]
693 silly gunzTarPerm extractEntry internal/arrayEachRight.js
694 silly gunzTarPerm modified mode [ 'internal/arrayEachRight.js', 420, 436 ]
695 silly gunzTarPerm extractEntry internal/toIterable.js
696 silly gunzTarPerm modified mode [ 'internal/toIterable.js', 420, 436 ]
697 silly gunzTarPerm extractEntry internal/arrayEach.js
698 silly gunzTarPerm modified mode [ 'internal/arrayEach.js', 420, 436 ]
699 silly gunzTarPerm extractEntry internal/toObject.js
700 silly gunzTarPerm modified mode [ 'internal/toObject.js', 420, 436 ]
701 silly gunzTarPerm extractEntry internal/arrayCopy.js
702 silly gunzTarPerm modified mode [ 'internal/arrayCopy.js', 420, 436 ]
703 silly gunzTarPerm extractEntry internal/toPath.js
704 silly gunzTarPerm modified mode [ 'internal/toPath.js', 420, 436 ]
705 silly gunzTarPerm extractEntry internal/arrayConcat.js
706 silly gunzTarPerm modified mode [ 'internal/arrayConcat.js', 420, 436 ]
707 silly gunzTarPerm extractEntry internal/trimmedLeftIndex.js
708 silly gunzTarPerm modified mode [ 'internal/trimmedLeftIndex.js', 420, 436 ]
709 silly gunzTarPerm extractEntry internal/SetCache.js
710 silly gunzTarPerm modified mode [ 'internal/SetCache.js', 420, 436 ]
711 silly gunzTarPerm extractEntry internal/trimmedRightIndex.js
712 silly gunzTarPerm modified mode [ 'internal/trimmedRightIndex.js', 420, 436 ]
713 silly gunzTarPerm extractEntry internal/MapCache.js
714 silly gunzTarPerm modified mode [ 'internal/MapCache.js', 420, 436 ]
715 silly gunzTarPerm extractEntry internal/unescapeHtmlChar.js
716 silly gunzTarPerm modified mode [ 'internal/unescapeHtmlChar.js', 420, 436 ]
717 silly gunzTarPerm extractEntry internal/LodashWrapper.js
718 silly gunzTarPerm modified mode [ 'internal/LodashWrapper.js', 420, 436 ]
719 silly gunzTarPerm extractEntry internal/wrapperClone.js
720 silly gunzTarPerm modified mode [ 'internal/wrapperClone.js', 420, 436 ]
721 silly gunzTarPerm extractEntry internal/composeArgsRight.js
722 silly gunzTarPerm modified mode [ 'internal/composeArgsRight.js', 420, 436 ]
723 silly gunzTarPerm extractEntry string/camelCase.js
724 silly gunzTarPerm modified mode [ 'string/camelCase.js', 420, 436 ]
725 silly gunzTarPerm extractEntry string/padLeft.js
726 silly gunzTarPerm modified mode [ 'string/padLeft.js', 420, 436 ]
727 silly gunzTarPerm extractEntry string/padRight.js
728 silly gunzTarPerm modified mode [ 'string/padRight.js', 420, 436 ]
729 silly gunzTarPerm extractEntry string/parseInt.js
730 silly gunzTarPerm modified mode [ 'string/parseInt.js', 420, 436 ]
731 silly gunzTarPerm extractEntry string/pad.js
732 silly gunzTarPerm modified mode [ 'string/pad.js', 420, 436 ]
733 silly gunzTarPerm extractEntry string/snakeCase.js
734 silly gunzTarPerm modified mode [ 'string/snakeCase.js', 420, 436 ]
735 silly gunzTarPerm extractEntry string/startCase.js
736 silly gunzTarPerm modified mode [ 'string/startCase.js', 420, 436 ]
737 silly gunzTarPerm extractEntry string/startsWith.js
738 silly gunzTarPerm modified mode [ 'string/startsWith.js', 420, 436 ]
739 silly gunzTarPerm extractEntry string/template.js
740 silly gunzTarPerm modified mode [ 'string/template.js', 420, 436 ]
741 silly gunzTarPerm extractEntry string/templateSettings.js
742 silly gunzTarPerm modified mode [ 'string/templateSettings.js', 420, 436 ]
743 silly gunzTarPerm extractEntry string/kebabCase.js
744 silly gunzTarPerm modified mode [ 'string/kebabCase.js', 420, 436 ]
745 silly gunzTarPerm extractEntry string/trim.js
746 silly gunzTarPerm modified mode [ 'string/trim.js', 420, 436 ]
747 silly gunzTarPerm extractEntry string/escapeRegExp.js
748 silly gunzTarPerm modified mode [ 'string/escapeRegExp.js', 420, 436 ]
749 silly gunzTarPerm extractEntry string/trimLeft.js
750 silly gunzTarPerm modified mode [ 'string/trimLeft.js', 420, 436 ]
751 silly gunzTarPerm extractEntry string/escape.js
752 silly gunzTarPerm modified mode [ 'string/escape.js', 420, 436 ]
753 silly gunzTarPerm extractEntry string/trimRight.js
754 silly gunzTarPerm modified mode [ 'string/trimRight.js', 420, 436 ]
755 silly gunzTarPerm extractEntry string/endsWith.js
756 silly gunzTarPerm modified mode [ 'string/endsWith.js', 420, 436 ]
757 silly gunzTarPerm extractEntry string/trunc.js
758 silly gunzTarPerm modified mode [ 'string/trunc.js', 420, 436 ]
759 silly gunzTarPerm extractEntry string/deburr.js
760 silly gunzTarPerm modified mode [ 'string/deburr.js', 420, 436 ]
761 silly gunzTarPerm extractEntry string/unescape.js
762 silly gunzTarPerm modified mode [ 'string/unescape.js', 420, 436 ]
763 silly gunzTarPerm extractEntry string/capitalize.js
764 silly gunzTarPerm modified mode [ 'string/capitalize.js', 420, 436 ]
765 silly gunzTarPerm extractEntry string/words.js
766 silly gunzTarPerm modified mode [ 'string/words.js', 420, 436 ]
767 silly gunzTarPerm extractEntry string/repeat.js
768 silly gunzTarPerm modified mode [ 'string/repeat.js', 420, 436 ]
769 silly gunzTarPerm extractEntry chain/chain.js
770 silly gunzTarPerm modified mode [ 'chain/chain.js', 420, 436 ]
771 silly gunzTarPerm extractEntry chain/run.js
772 silly gunzTarPerm modified mode [ 'chain/run.js', 420, 436 ]
773 silly gunzTarPerm extractEntry chain/tap.js
774 silly gunzTarPerm modified mode [ 'chain/tap.js', 420, 436 ]
775 silly gunzTarPerm extractEntry chain/thru.js
776 silly gunzTarPerm modified mode [ 'chain/thru.js', 420, 436 ]
777 silly gunzTarPerm extractEntry chain/toJSON.js
778 silly gunzTarPerm modified mode [ 'chain/toJSON.js', 420, 436 ]
779 silly gunzTarPerm extractEntry chain/reverse.js
780 silly gunzTarPerm modified mode [ 'chain/reverse.js', 420, 436 ]
781 silly gunzTarPerm extractEntry chain/value.js
782 silly gunzTarPerm modified mode [ 'chain/value.js', 420, 436 ]
783 silly gunzTarPerm extractEntry chain/valueOf.js
784 silly gunzTarPerm modified mode [ 'chain/valueOf.js', 420, 436 ]
785 silly gunzTarPerm extractEntry chain/wrapperChain.js
786 silly gunzTarPerm modified mode [ 'chain/wrapperChain.js', 420, 436 ]
787 silly gunzTarPerm extractEntry chain/wrapperCommit.js
788 silly gunzTarPerm modified mode [ 'chain/wrapperCommit.js', 420, 436 ]
789 silly gunzTarPerm extractEntry chain/wrapperConcat.js
790 silly gunzTarPerm modified mode [ 'chain/wrapperConcat.js', 420, 436 ]
791 silly gunzTarPerm extractEntry chain/plant.js
792 silly gunzTarPerm modified mode [ 'chain/plant.js', 420, 436 ]
793 silly gunzTarPerm extractEntry chain/wrapperPlant.js
794 silly gunzTarPerm modified mode [ 'chain/wrapperPlant.js', 420, 436 ]
795 silly gunzTarPerm extractEntry chain/lodash.js
796 silly gunzTarPerm modified mode [ 'chain/lodash.js', 420, 436 ]
797 silly gunzTarPerm extractEntry chain/wrapperReverse.js
798 silly gunzTarPerm modified mode [ 'chain/wrapperReverse.js', 420, 436 ]
799 silly gunzTarPerm extractEntry chain/concat.js
800 silly gunzTarPerm modified mode [ 'chain/concat.js', 420, 436 ]
801 silly gunzTarPerm extractEntry chain/wrapperToString.js
802 silly gunzTarPerm modified mode [ 'chain/wrapperToString.js', 420, 436 ]
803 silly gunzTarPerm extractEntry chain/commit.js
804 silly gunzTarPerm modified mode [ 'chain/commit.js', 420, 436 ]
805 silly gunzTarPerm extractEntry chain/wrapperValue.js
806 silly gunzTarPerm modified mode [ 'chain/wrapperValue.js', 420, 436 ]
807 silly gunzTarPerm extractEntry chain/toString.js
808 silly gunzTarPerm modified mode [ 'chain/toString.js', 420, 436 ]
809 silly gunzTarPerm extractEntry array/chunk.js
810 silly gunzTarPerm modified mode [ 'array/chunk.js', 420, 436 ]
811 silly gunzTarPerm extractEntry array/last.js
812 silly gunzTarPerm modified mode [ 'array/last.js', 420, 436 ]
813 silly gunzTarPerm extractEntry array/lastIndexOf.js
814 silly gunzTarPerm modified mode [ 'array/lastIndexOf.js', 420, 436 ]
815 silly gunzTarPerm extractEntry array/object.js
816 silly gunzTarPerm modified mode [ 'array/object.js', 420, 436 ]
817 silly gunzTarPerm extractEntry array/pull.js
818 silly gunzTarPerm modified mode [ 'array/pull.js', 420, 436 ]
819 silly gunzTarPerm extractEntry array/intersection.js
820 silly gunzTarPerm modified mode [ 'array/intersection.js', 420, 436 ]
821 silly gunzTarPerm extractEntry array/remove.js
822 silly gunzTarPerm modified mode [ 'array/remove.js', 420, 436 ]
823 silly gunzTarPerm extractEntry array/rest.js
824 silly gunzTarPerm modified mode [ 'array/rest.js', 420, 436 ]
825 silly gunzTarPerm extractEntry array/slice.js
826 silly gunzTarPerm modified mode [ 'array/slice.js', 420, 436 ]
827 silly gunzTarPerm extractEntry array/sortedIndex.js
828 silly gunzTarPerm modified mode [ 'array/sortedIndex.js', 420, 436 ]
829 silly gunzTarPerm extractEntry array/sortedLastIndex.js
830 silly gunzTarPerm modified mode [ 'array/sortedLastIndex.js', 420, 436 ]
831 silly gunzTarPerm extractEntry array/initial.js
832 silly gunzTarPerm modified mode [ 'array/initial.js', 420, 436 ]
833 silly gunzTarPerm extractEntry array/tail.js
834 silly gunzTarPerm modified mode [ 'array/tail.js', 420, 436 ]
835 silly gunzTarPerm extractEntry array/indexOf.js
836 silly gunzTarPerm modified mode [ 'array/indexOf.js', 420, 436 ]
837 silly gunzTarPerm extractEntry array/take.js
838 silly gunzTarPerm modified mode [ 'array/take.js', 420, 436 ]
839 silly gunzTarPerm extractEntry array/head.js
840 silly gunzTarPerm modified mode [ 'array/head.js', 420, 436 ]
841 silly gunzTarPerm extractEntry array/takeRight.js
842 silly gunzTarPerm modified mode [ 'array/takeRight.js', 420, 436 ]
843 silly gunzTarPerm extractEntry array/flattenDeep.js
844 silly gunzTarPerm modified mode [ 'array/flattenDeep.js', 420, 436 ]
845 silly gunzTarPerm extractEntry array/takeRightWhile.js
846 silly gunzTarPerm modified mode [ 'array/takeRightWhile.js', 420, 436 ]
847 silly gunzTarPerm extractEntry array/flatten.js
848 silly gunzTarPerm modified mode [ 'array/flatten.js', 420, 436 ]
849 silly gunzTarPerm extractEntry array/takeWhile.js
850 silly gunzTarPerm modified mode [ 'array/takeWhile.js', 420, 436 ]
851 silly gunzTarPerm extractEntry array/first.js
852 silly gunzTarPerm modified mode [ 'array/first.js', 420, 436 ]
853 silly gunzTarPerm extractEntry array/union.js
854 silly gunzTarPerm modified mode [ 'array/union.js', 420, 436 ]
855 silly gunzTarPerm extractEntry array/findLastIndex.js
856 silly gunzTarPerm modified mode [ 'array/findLastIndex.js', 420, 436 ]
857 silly gunzTarPerm extractEntry array/uniq.js
858 silly gunzTarPerm modified mode [ 'array/uniq.js', 420, 436 ]
859 silly gunzTarPerm extractEntry array/findIndex.js
860 silly gunzTarPerm modified mode [ 'array/findIndex.js', 420, 436 ]
861 silly gunzTarPerm extractEntry array/unique.js
862 silly gunzTarPerm modified mode [ 'array/unique.js', 420, 436 ]
863 silly gunzTarPerm extractEntry array/fill.js
864 silly gunzTarPerm modified mode [ 'array/fill.js', 420, 436 ]
865 silly gunzTarPerm extractEntry array/unzip.js
866 silly gunzTarPerm modified mode [ 'array/unzip.js', 420, 436 ]
867 silly gunzTarPerm extractEntry array/dropWhile.js
868 silly gunzTarPerm modified mode [ 'array/dropWhile.js', 420, 436 ]
869 silly gunzTarPerm extractEntry array/unzipWith.js
870 silly gunzTarPerm modified mode [ 'array/unzipWith.js', 420, 436 ]
871 silly gunzTarPerm extractEntry array/dropRightWhile.js
872 silly gunzTarPerm modified mode [ 'array/dropRightWhile.js', 420, 436 ]
873 silly gunzTarPerm extractEntry array/without.js
874 silly gunzTarPerm modified mode [ 'array/without.js', 420, 436 ]
875 silly gunzTarPerm extractEntry array/dropRight.js
876 silly gunzTarPerm modified mode [ 'array/dropRight.js', 420, 436 ]
877 silly gunzTarPerm extractEntry array/xor.js
878 silly gunzTarPerm modified mode [ 'array/xor.js', 420, 436 ]
879 silly gunzTarPerm extractEntry array/drop.js
880 silly gunzTarPerm modified mode [ 'array/drop.js', 420, 436 ]
881 silly gunzTarPerm extractEntry array/zip.js
882 silly gunzTarPerm modified mode [ 'array/zip.js', 420, 436 ]
883 silly gunzTarPerm extractEntry array/difference.js
884 silly gunzTarPerm modified mode [ 'array/difference.js', 420, 436 ]
885 silly gunzTarPerm extractEntry array/zipObject.js
886 silly gunzTarPerm modified mode [ 'array/zipObject.js', 420, 436 ]
887 silly gunzTarPerm extractEntry array/compact.js
888 silly gunzTarPerm modified mode [ 'array/compact.js', 420, 436 ]
889 silly gunzTarPerm extractEntry array/zipWith.js
890 silly gunzTarPerm modified mode [ 'array/zipWith.js', 420, 436 ]
891 silly gunzTarPerm extractEntry array/pullAt.js
892 silly gunzTarPerm modified mode [ 'array/pullAt.js', 420, 436 ]
893 silly gunzTarPerm extractEntry utility/attempt.js
894 silly gunzTarPerm modified mode [ 'utility/attempt.js', 420, 436 ]
895 silly gunzTarPerm extractEntry utility/iteratee.js
896 silly gunzTarPerm modified mode [ 'utility/iteratee.js', 420, 436 ]
897 silly gunzTarPerm extractEntry utility/matches.js
898 silly gunzTarPerm modified mode [ 'utility/matches.js', 420, 436 ]
899 silly gunzTarPerm extractEntry utility/matchesProperty.js
900 silly gunzTarPerm modified mode [ 'utility/matchesProperty.js', 420, 436 ]
901 silly gunzTarPerm extractEntry utility/method.js
902 silly gunzTarPerm modified mode [ 'utility/method.js', 420, 436 ]
903 silly gunzTarPerm extractEntry utility/identity.js
904 silly gunzTarPerm modified mode [ 'utility/identity.js', 420, 436 ]
905 silly gunzTarPerm extractEntry utility/mixin.js
906 silly gunzTarPerm modified mode [ 'utility/mixin.js', 420, 436 ]
907 silly gunzTarPerm extractEntry utility/noop.js
908 silly gunzTarPerm modified mode [ 'utility/noop.js', 420, 436 ]
909 silly gunzTarPerm extractEntry utility/property.js
910 silly gunzTarPerm modified mode [ 'utility/property.js', 420, 436 ]
911 silly gunzTarPerm extractEntry utility/propertyOf.js
912 silly gunzTarPerm modified mode [ 'utility/propertyOf.js', 420, 436 ]
913 silly gunzTarPerm extractEntry utility/range.js
914 silly gunzTarPerm modified mode [ 'utility/range.js', 420, 436 ]
915 silly gunzTarPerm extractEntry utility/constant.js
916 silly gunzTarPerm modified mode [ 'utility/constant.js', 420, 436 ]
917 silly gunzTarPerm extractEntry utility/times.js
918 silly gunzTarPerm modified mode [ 'utility/times.js', 420, 436 ]
919 silly gunzTarPerm extractEntry utility/callback.js
920 silly gunzTarPerm modified mode [ 'utility/callback.js', 420, 436 ]
921 silly gunzTarPerm extractEntry utility/uniqueId.js
922 silly gunzTarPerm modified mode [ 'utility/uniqueId.js', 420, 436 ]
923 silly gunzTarPerm extractEntry utility/methodOf.js
924 silly gunzTarPerm modified mode [ 'utility/methodOf.js', 420, 436 ]
925 silly gunzTarPerm extractEntry lang/clone.js
926 silly gunzTarPerm modified mode [ 'lang/clone.js', 420, 436 ]
927 silly gunzTarPerm extractEntry lang/isEqual.js
928 silly gunzTarPerm modified mode [ 'lang/isEqual.js', 420, 436 ]
929 silly gunzTarPerm extractEntry lang/isError.js
930 silly gunzTarPerm modified mode [ 'lang/isError.js', 420, 436 ]
931 silly gunzTarPerm extractEntry lang/isFinite.js
932 silly gunzTarPerm modified mode [ 'lang/isFinite.js', 420, 436 ]
933 silly gunzTarPerm extractEntry lang/isFunction.js
934 silly gunzTarPerm modified mode [ 'lang/isFunction.js', 420, 436 ]
935 silly gunzTarPerm extractEntry lang/isEmpty.js
936 silly gunzTarPerm modified mode [ 'lang/isEmpty.js', 420, 436 ]
937 silly gunzTarPerm extractEntry lang/isNaN.js
938 silly gunzTarPerm modified mode [ 'lang/isNaN.js', 420, 436 ]
939 silly gunzTarPerm extractEntry lang/isNative.js
940 silly gunzTarPerm modified mode [ 'lang/isNative.js', 420, 436 ]
941 silly gunzTarPerm extractEntry lang/isNull.js
942 silly gunzTarPerm modified mode [ 'lang/isNull.js', 420, 436 ]
943 silly gunzTarPerm extractEntry lang/isNumber.js
944 silly gunzTarPerm modified mode [ 'lang/isNumber.js', 420, 436 ]
945 silly gunzTarPerm extractEntry lang/isObject.js
946 silly gunzTarPerm modified mode [ 'lang/isObject.js', 420, 436 ]
947 silly gunzTarPerm extractEntry lang/isElement.js
948 silly gunzTarPerm modified mode [ 'lang/isElement.js', 420, 436 ]
949 silly gunzTarPerm extractEntry lang/isPlainObject.js
950 silly gunzTarPerm modified mode [ 'lang/isPlainObject.js', 420, 436 ]
951 silly gunzTarPerm extractEntry lang/isDate.js
952 silly gunzTarPerm modified mode [ 'lang/isDate.js', 420, 436 ]
953 silly gunzTarPerm extractEntry lang/isRegExp.js
954 silly gunzTarPerm modified mode [ 'lang/isRegExp.js', 420, 436 ]
955 silly gunzTarPerm extractEntry lang/isBoolean.js
956 silly gunzTarPerm modified mode [ 'lang/isBoolean.js', 420, 436 ]
957 silly gunzTarPerm extractEntry lang/isString.js
958 silly gunzTarPerm modified mode [ 'lang/isString.js', 420, 436 ]
959 silly gunzTarPerm extractEntry lang/isArray.js
960 silly gunzTarPerm modified mode [ 'lang/isArray.js', 420, 436 ]
961 silly gunzTarPerm extractEntry lang/isTypedArray.js
962 silly gunzTarPerm modified mode [ 'lang/isTypedArray.js', 420, 436 ]
963 silly gunzTarPerm extractEntry lang/isArguments.js
964 silly gunzTarPerm modified mode [ 'lang/isArguments.js', 420, 436 ]
965 silly gunzTarPerm extractEntry lang/isUndefined.js
966 silly gunzTarPerm modified mode [ 'lang/isUndefined.js', 420, 436 ]
967 silly gunzTarPerm extractEntry lang/gte.js
968 silly gunzTarPerm modified mode [ 'lang/gte.js', 420, 436 ]
969 silly gunzTarPerm extractEntry lang/lt.js
970 silly gunzTarPerm modified mode [ 'lang/lt.js', 420, 436 ]
971 silly gunzTarPerm extractEntry lang/gt.js
972 silly gunzTarPerm modified mode [ 'lang/gt.js', 420, 436 ]
973 silly gunzTarPerm extractEntry lang/lte.js
974 silly gunzTarPerm modified mode [ 'lang/lte.js', 420, 436 ]
975 silly gunzTarPerm extractEntry lang/eq.js
976 silly gunzTarPerm modified mode [ 'lang/eq.js', 420, 436 ]
977 silly gunzTarPerm extractEntry lang/toArray.js
978 silly gunzTarPerm modified mode [ 'lang/toArray.js', 420, 436 ]
979 silly gunzTarPerm extractEntry lang/cloneDeep.js
980 silly gunzTarPerm modified mode [ 'lang/cloneDeep.js', 420, 436 ]
981 silly gunzTarPerm extractEntry lang/toPlainObject.js
982 silly gunzTarPerm modified mode [ 'lang/toPlainObject.js', 420, 436 ]
983 silly gunzTarPerm extractEntry lang/isMatch.js
984 silly gunzTarPerm modified mode [ 'lang/isMatch.js', 420, 436 ]
985 verbose write writing to /var/www/html/todo/node_modules/karma-ie-launcher/node_modules/lodash/package.json
986 info preinstall lodash@3.10.1
987 verbose readDependencies loading dependencies from /var/www/html/todo/node_modules/karma-ie-launcher/node_modules/lodash/package.json
988 verbose readDependencies loading dependencies from /var/www/html/todo/node_modules/karma-ie-launcher/node_modules/lodash/package.json
989 silly install resolved []
990 verbose about to build /var/www/html/todo/node_modules/karma-ie-launcher/node_modules/lodash
991 info build /var/www/html/todo/node_modules/karma-ie-launcher/node_modules/lodash
992 info linkStuff lodash@3.10.1
993 silly linkStuff lodash@3.10.1 has /var/www/html/todo/node_modules/karma-ie-launcher/node_modules as its parent node_modules
994 verbose linkBins lodash@3.10.1
995 verbose linkMans lodash@3.10.1
996 verbose rebuildBundles lodash@3.10.1
997 info install lodash@3.10.1
998 info postinstall lodash@3.10.1
999 verbose unlock done using /home/ashutosh/.npm/_locks/lodash-de04adc2d385324d.lock for /var/www/html/todo/node_modules/karma-ie-launcher/node_modules/lodash
1000 verbose about to build /var/www/html/todo/node_modules/karma-ie-launcher
1001 info build /var/www/html/todo/node_modules/karma-ie-launcher
1002 info linkStuff karma-ie-launcher@0.2.0
1003 silly linkStuff karma-ie-launcher@0.2.0 has /var/www/html/todo/node_modules as its parent node_modules
1004 verbose linkBins karma-ie-launcher@0.2.0
1005 verbose linkMans karma-ie-launcher@0.2.0
1006 verbose rebuildBundles karma-ie-launcher@0.2.0
1007 verbose rebuildBundles [ 'lodash' ]
1008 info install karma-ie-launcher@0.2.0
1009 info postinstall karma-ie-launcher@0.2.0
1010 verbose unlock done using /home/ashutosh/.npm/_locks/karma-ie-launcher-512637baaf0113ec.lock for /var/www/html/todo/node_modules/karma-ie-launcher
1011 verbose validateInstall loading /var/www/html/todo/package.json for validation
1012 verbose stack Error: The package grunt@1.0.1 does not satisfy its siblings' peerDependencies requirements!
1012 verbose stack     at /usr/lib/node_modules/npm/lib/install.js:125:32
1012 verbose stack     at /usr/lib/node_modules/npm/lib/install.js:268:7
1012 verbose stack     at /usr/lib/node_modules/npm/node_modules/read-installed/read-installed.js:142:5
1012 verbose stack     at /usr/lib/node_modules/npm/node_modules/read-installed/read-installed.js:263:14
1012 verbose stack     at cb (/usr/lib/node_modules/npm/node_modules/slide/lib/async-map.js:47:24)
1012 verbose stack     at /usr/lib/node_modules/npm/node_modules/read-installed/read-installed.js:263:14
1012 verbose stack     at cb (/usr/lib/node_modules/npm/node_modules/slide/lib/async-map.js:47:24)
1012 verbose stack     at /usr/lib/node_modules/npm/node_modules/read-installed/read-installed.js:263:14
1012 verbose stack     at cb (/usr/lib/node_modules/npm/node_modules/slide/lib/async-map.js:47:24)
1012 verbose stack     at /usr/lib/node_modules/npm/node_modules/read-installed/read-installed.js:263:14
1013 verbose cwd /var/www/html/todo
1014 error Linux 3.19.0-56-generic
1015 error argv "/usr/bin/nodejs" "/usr/bin/npm" "install" "karma-ie-launcher" "--save-dev"
1016 error node v4.4.1
1017 error npm  v2.14.20
1018 error code EPEERINVALID
1019 error peerinvalid The package grunt@1.0.1 does not satisfy its siblings' peerDependencies requirements!
1019 error peerinvalid Peer grunt-ngdocs@0.2.9 wants grunt@0.4.x
1019 error peerinvalid Peer grunt-express@1.4.1 wants grunt@~0.4.0
1020 verbose exit [ 1, true ]
